mode: set
git.jd.com/cps-golang/ironic-api/util/ipv4.go:43.58,45.21 2 0
git.jd.com/cps-golang/ironic-api/util/ipv4.go:48.2,50.62 3 0
git.jd.com/cps-golang/ironic-api/util/ipv4.go:64.2,64.43 1 0
git.jd.com/cps-golang/ironic-api/util/ipv4.go:45.21,47.3 1 0
git.jd.com/cps-golang/ironic-api/util/ipv4.go:50.62,52.3 1 0
git.jd.com/cps-golang/ironic-api/util/ipv4.go:52.8,55.17 2 0
git.jd.com/cps-golang/ironic-api/util/ipv4.go:58.3,58.30 1 0
git.jd.com/cps-golang/ironic-api/util/ipv4.go:55.17,57.4 1 0
git.jd.com/cps-golang/ironic-api/util/ipv4.go:58.30,60.4 1 0
git.jd.com/cps-golang/ironic-api/util/ipv4.go:60.9,60.38 1 0
git.jd.com/cps-golang/ironic-api/util/ipv4.go:60.38,62.4 1 0
git.jd.com/cps-golang/ironic-api/util/ipv4.go:67.75,68.70 1 0
git.jd.com/cps-golang/ironic-api/util/ipv4.go:71.2,80.8 3 0
git.jd.com/cps-golang/ironic-api/util/ipv4.go:68.70,70.3 1 0
git.jd.com/cps-golang/ironic-api/util/ipv4.go:83.42,85.2 1 0
git.jd.com/cps-golang/ironic-api/util/ipv4.go:87.40,90.26 3 0
git.jd.com/cps-golang/ironic-api/util/ipv4.go:93.2,93.16 1 0
git.jd.com/cps-golang/ironic-api/util/ipv4.go:90.26,92.3 1 0
git.jd.com/cps-golang/ironic-api/util/ipv4.go:96.40,98.2 1 0
git.jd.com/cps-golang/ironic-api/util/ipv4.go:100.40,102.2 1 0
git.jd.com/cps-golang/ironic-api/util/ipv4.go:104.48,107.30 3 0
git.jd.com/cps-golang/ironic-api/util/ipv4.go:111.2,111.12 1 0
git.jd.com/cps-golang/ironic-api/util/ipv4.go:107.30,110.3 2 0
git.jd.com/cps-golang/ironic-api/util/ipv4.go:114.50,117.28 3 0
git.jd.com/cps-golang/ironic-api/util/ipv4.go:121.2,121.18 1 0
git.jd.com/cps-golang/ironic-api/util/ipv4.go:117.28,120.3 2 0
git.jd.com/cps-golang/ironic-api/util/ipv4.go:124.53,126.2 1 0
git.jd.com/cps-golang/ironic-api/util/ipv4.go:128.49,130.2 1 0
git.jd.com/cps-golang/ironic-api/util/ipv4.go:132.53,134.2 1 0
git.jd.com/cps-golang/ironic-api/util/ipv4.go:136.76,137.18 1 0
git.jd.com/cps-golang/ironic-api/util/ipv4.go:140.2,141.29 2 0
git.jd.com/cps-golang/ironic-api/util/ipv4.go:144.2,148.28 3 0
git.jd.com/cps-golang/ironic-api/util/ipv4.go:156.2,156.21 1 0
git.jd.com/cps-golang/ironic-api/util/ipv4.go:137.18,139.3 1 0
git.jd.com/cps-golang/ironic-api/util/ipv4.go:141.29,143.3 1 0
git.jd.com/cps-golang/ironic-api/util/ipv4.go:148.28,149.35 1 0
git.jd.com/cps-golang/ironic-api/util/ipv4.go:152.3,154.50 3 0
git.jd.com/cps-golang/ironic-api/util/ipv4.go:149.35,151.4 1 0
git.jd.com/cps-golang/ironic-api/util/ipv4.go:160.32,165.2 4 0
git.jd.com/cps-golang/ironic-api/util/ipv4.go:167.44,170.2 1 0
git.jd.com/cps-golang/ironic-api/util/ipv4.go:172.43,174.2 1 0
git.jd.com/cps-golang/ironic-api/util/ipv4.go:176.40,179.2 2 0
git.jd.com/cps-golang/ironic-api/util/ipv4.go:181.41,184.2 2 0
git.jd.com/cps-golang/ironic-api/util/ipv4.go:186.43,187.20 1 0
git.jd.com/cps-golang/ironic-api/util/ipv4.go:190.2,191.18 2 0
git.jd.com/cps-golang/ironic-api/util/ipv4.go:194.2,195.19 2 0
git.jd.com/cps-golang/ironic-api/util/ipv4.go:202.2,202.27 1 0
git.jd.com/cps-golang/ironic-api/util/ipv4.go:187.20,189.3 1 0
git.jd.com/cps-golang/ironic-api/util/ipv4.go:191.18,193.3 1 0
git.jd.com/cps-golang/ironic-api/util/ipv4.go:195.19,196.25 1 0
git.jd.com/cps-golang/ironic-api/util/ipv4.go:199.3,200.25 2 0
git.jd.com/cps-golang/ironic-api/util/ipv4.go:196.25,197.9 1 0
git.jd.com/cps-golang/ironic-api/util/ipv4.go:206.44,207.21 1 0
git.jd.com/cps-golang/ironic-api/util/ipv4.go:210.2,211.18 2 0
git.jd.com/cps-golang/ironic-api/util/ipv4.go:214.2,215.19 2 0
git.jd.com/cps-golang/ironic-api/util/ipv4.go:222.2,222.16 1 0
git.jd.com/cps-golang/ironic-api/util/ipv4.go:207.21,209.3 1 0
git.jd.com/cps-golang/ironic-api/util/ipv4.go:211.18,213.3 1 0
git.jd.com/cps-golang/ironic-api/util/ipv4.go:215.19,216.25 1 0
git.jd.com/cps-golang/ironic-api/util/ipv4.go:219.3,220.25 2 0
git.jd.com/cps-golang/ironic-api/util/ipv4.go:216.25,217.9 1 0
git.jd.com/cps-golang/ironic-api/util/ipv4.go:225.55,227.40 2 0
git.jd.com/cps-golang/ironic-api/util/ipv4.go:235.2,235.24 1 0
git.jd.com/cps-golang/ironic-api/util/ipv4.go:228.22,229.37 1 0
git.jd.com/cps-golang/ironic-api/util/ipv4.go:230.21,231.22 1 0
git.jd.com/cps-golang/ironic-api/util/ipv4.go:232.10,233.36 1 0
git.jd.com/cps-golang/ironic-api/util/ipv4.go:238.48,240.2 1 0
git.jd.com/cps-golang/ironic-api/util/ipv4.go:242.41,245.22 3 0
git.jd.com/cps-golang/ironic-api/util/ipv4.go:248.2,249.29 2 0
git.jd.com/cps-golang/ironic-api/util/ipv4.go:257.2,257.77 1 0
git.jd.com/cps-golang/ironic-api/util/ipv4.go:245.22,246.102 1 0
git.jd.com/cps-golang/ironic-api/util/ipv4.go:249.29,250.59 1 0
git.jd.com/cps-golang/ironic-api/util/ipv4.go:250.59,251.103 1 0
git.jd.com/cps-golang/ironic-api/util/ipv4.go:252.9,254.4 1 0
git.jd.com/cps-golang/ironic-api/util/mq.go:30.61,54.2 14 0
git.jd.com/cps-golang/ironic-api/util/mq.go:57.30,60.2 2 0
git.jd.com/cps-golang/ironic-api/util/mq.go:63.57,64.16 1 0
git.jd.com/cps-golang/ironic-api/util/mq.go:64.16,66.44 2 0
git.jd.com/cps-golang/ironic-api/util/mq.go:72.52,76.2 3 0
git.jd.com/cps-golang/ironic-api/util/mq.go:79.50,95.16 2 0
git.jd.com/cps-golang/ironic-api/util/mq.go:98.2,111.3 2 0
git.jd.com/cps-golang/ironic-api/util/mq.go:95.16,97.3 1 0
git.jd.com/cps-golang/ironic-api/util/mq.go:115.36,132.16 2 0
git.jd.com/cps-golang/ironic-api/util/mq.go:137.2,152.16 2 0
git.jd.com/cps-golang/ironic-api/util/mq.go:156.2,158.12 2 0
git.jd.com/cps-golang/ironic-api/util/mq.go:165.2,166.11 2 0
git.jd.com/cps-golang/ironic-api/util/mq.go:132.16,134.3 1 0
git.jd.com/cps-golang/ironic-api/util/mq.go:152.16,154.3 1 0
git.jd.com/cps-golang/ironic-api/util/mq.go:158.12,159.23 1 0
git.jd.com/cps-golang/ironic-api/util/mq.go:159.23,163.4 1 0
git.jd.com/cps-golang/ironic-api/util/page.go:9.65,11.23 2 0
git.jd.com/cps-golang/ironic-api/util/page.go:16.2,16.22 1 0
git.jd.com/cps-golang/ironic-api/util/page.go:11.23,13.3 1 0
git.jd.com/cps-golang/ironic-api/util/page.go:13.8,15.3 1 0
git.jd.com/cps-golang/ironic-api/util/page.go:19.59,26.2 2 0
git.jd.com/cps-golang/ironic-api/util/ssh.go:16.69,18.16 2 0
git.jd.com/cps-golang/ironic-api/util/ssh.go:21.2,21.41 1 0
git.jd.com/cps-golang/ironic-api/util/ssh.go:18.16,20.3 1 0
git.jd.com/cps-golang/ironic-api/util/ssh.go:25.55,30.2 1 0
git.jd.com/cps-golang/ironic-api/util/ssh.go:32.61,34.16 2 0
git.jd.com/cps-golang/ironic-api/util/ssh.go:37.2,40.9 1 0
git.jd.com/cps-golang/ironic-api/util/ssh.go:34.16,36.3 1 0
git.jd.com/cps-golang/ironic-api/util/ssh.go:44.58,46.16 2 0
git.jd.com/cps-golang/ironic-api/util/ssh.go:49.2,49.49 1 0
git.jd.com/cps-golang/ironic-api/util/ssh.go:46.16,48.3 1 0
git.jd.com/cps-golang/ironic-api/util/ssh.go:52.47,55.16 2 0
git.jd.com/cps-golang/ironic-api/util/ssh.go:59.2,60.16 2 0
git.jd.com/cps-golang/ironic-api/util/ssh.go:65.2,65.57 1 0
git.jd.com/cps-golang/ironic-api/util/ssh.go:55.16,57.3 1 0
git.jd.com/cps-golang/ironic-api/util/ssh.go:60.16,62.3 1 0
git.jd.com/cps-golang/ironic-api/util/ssh.go:68.56,70.16 2 0
git.jd.com/cps-golang/ironic-api/util/ssh.go:74.2,74.42 1 0
git.jd.com/cps-golang/ironic-api/util/ssh.go:70.16,72.3 1 0
git.jd.com/cps-golang/ironic-api/util/array.go:7.66,9.27 2 0
git.jd.com/cps-golang/ironic-api/util/array.go:17.2,17.12 1 0
git.jd.com/cps-golang/ironic-api/util/array.go:9.27,11.48 2 0
git.jd.com/cps-golang/ironic-api/util/array.go:14.3,15.23 2 0
git.jd.com/cps-golang/ironic-api/util/array.go:11.48,13.4 1 0
git.jd.com/cps-golang/ironic-api/util/array.go:20.84,23.38 3 0
git.jd.com/cps-golang/ironic-api/util/array.go:34.2,34.8 1 0
git.jd.com/cps-golang/ironic-api/util/array.go:24.21,26.32 2 0
git.jd.com/cps-golang/ironic-api/util/array.go:26.32,27.62 1 0
git.jd.com/cps-golang/ironic-api/util/array.go:27.62,31.5 3 0
git.jd.com/cps-golang/ironic-api/util/array.go:37.64,39.38 2 1
git.jd.com/cps-golang/ironic-api/util/array.go:49.2,49.8 1 0
git.jd.com/cps-golang/ironic-api/util/array.go:40.21,42.32 2 1
git.jd.com/cps-golang/ironic-api/util/array.go:42.32,43.62 1 1
git.jd.com/cps-golang/ironic-api/util/array.go:43.62,46.5 2 1
git.jd.com/cps-golang/ironic-api/util/bool.go:3.29,4.7 1 0
git.jd.com/cps-golang/ironic-api/util/bool.go:7.2,7.10 1 0
git.jd.com/cps-golang/ironic-api/util/bool.go:4.7,6.3 1 0
git.jd.com/cps-golang/ironic-api/util/bool.go:10.29,12.2 1 0
git.jd.com/cps-golang/ironic-api/util/http.go:10.89,13.16 2 0
git.jd.com/cps-golang/ironic-api/util/http.go:16.2,18.16 3 0
git.jd.com/cps-golang/ironic-api/util/http.go:21.2,23.27 2 0
git.jd.com/cps-golang/ironic-api/util/http.go:26.2,28.16 3 0
git.jd.com/cps-golang/ironic-api/util/http.go:31.2,32.16 2 0
git.jd.com/cps-golang/ironic-api/util/http.go:35.2,35.23 1 0
git.jd.com/cps-golang/ironic-api/util/http.go:13.16,15.3 1 0
git.jd.com/cps-golang/ironic-api/util/http.go:18.16,20.3 1 0
git.jd.com/cps-golang/ironic-api/util/http.go:23.27,25.3 1 0
git.jd.com/cps-golang/ironic-api/util/http.go:28.16,30.3 1 0
git.jd.com/cps-golang/ironic-api/util/http.go:32.16,34.3 1 0
git.jd.com/cps-golang/ironic-api/util/strings.go:4.83,6.25 2 0
git.jd.com/cps-golang/ironic-api/util/strings.go:24.2,24.15 1 0
git.jd.com/cps-golang/ironic-api/util/strings.go:6.25,7.12 1 0
git.jd.com/cps-golang/ironic-api/util/strings.go:7.12,9.4 1 0
git.jd.com/cps-golang/ironic-api/util/strings.go:9.9,11.4 1 0
git.jd.com/cps-golang/ironic-api/util/strings.go:13.8,13.32 1 0
git.jd.com/cps-golang/ironic-api/util/strings.go:13.32,15.42 2 0
git.jd.com/cps-golang/ironic-api/util/strings.go:18.3,18.12 1 0
git.jd.com/cps-golang/ironic-api/util/strings.go:15.42,17.4 1 0
git.jd.com/cps-golang/ironic-api/util/strings.go:18.12,20.4 1 0
git.jd.com/cps-golang/ironic-api/util/strings.go:20.9,22.4 1 0
